Using pre-set license
Built from '6000.0/staging' branch; Version is '6000.0.38f1 (82314a941f2d) revision 8532298'; Using compiler version '193933523'; Build Type 'Release'
OS: 'Windows 10  (10.0.19045) 64bit Core' Language: 'en' Physical Memory: 32689 MB
BatchMode: 1, IsHumanControllingUs: 0, StartBugReporterOnCrash: 0, Is64bit: 1, IsPro: 1

COMMAND LINE ARGUMENTS:
D:\ProgramsInstalledDdrive\Unity\Hub\6000.0.38f1\Editor\Unity.exe
-adb2
-batchMode
-noUpm
-name
AssetImportWorker1
-projectPath
D:/Unity Projects/Staydry3
-logFile
Logs/AssetImportWorker1.log
-srvPort
65436
-job-worker-count
5
-background-job-worker-count
8
-gc-helper-count
1
Successfully changed project path to: D:/Unity Projects/Staydry3
D:/Unity Projects/Staydry3
[UnityMemory] Configuration Parameters - Can be set up in boot.config
    "memorysetup-bucket-allocator-granularity=16"
    "memorysetup-bucket-allocator-bucket-count=8"
    "memorysetup-bucket-allocator-block-size=33554432"
    "memorysetup-bucket-allocator-block-count=8"
    "memorysetup-main-allocator-block-size=16777216"
    "memorysetup-thread-allocator-block-size=16777216"
    "memorysetup-gfx-main-allocator-block-size=16777216"
    "memorysetup-gfx-thread-allocator-block-size=16777216"
    "memorysetup-cache-allocator-block-size=4194304"
    "memorysetup-typetree-allocator-block-size=2097152"
    "memorysetup-profiler-bucket-allocator-granularity=16"
    "memorysetup-profiler-bucket-allocator-bucket-count=8"
    "memorysetup-profiler-bucket-allocator-block-size=33554432"
    "memorysetup-profiler-bucket-allocator-block-count=8"
    "memorysetup-profiler-allocator-block-size=16777216"
    "memorysetup-profiler-editor-allocator-block-size=1048576"
    "memorysetup-temp-allocator-size-main=16777216"
    "memorysetup-job-temp-allocator-block-size=2097152"
    "memorysetup-job-temp-allocator-block-size-background=1048576"
    "memorysetup-job-temp-allocator-reduction-small-platforms=262144"
    "memorysetup-allocator-temp-initial-block-size-main=262144"
    "memorysetup-allocator-temp-initial-block-size-worker=262144"
    "memorysetup-temp-allocator-size-background-worker=32768"
    "memorysetup-temp-allocator-size-job-worker=262144"
    "memorysetup-temp-allocator-size-preload-manager=33554432"
    "memorysetup-temp-allocator-size-nav-mesh-worker=65536"
    "memorysetup-temp-allocator-size-audio-worker=65536"
    "memorysetup-temp-allocator-size-cloud-worker=32768"
    "memorysetup-temp-allocator-size-gi-baking-worker=262144"
    "memorysetup-temp-allocator-size-gi-baking-worker=262144"
    "memorysetup-temp-allocator-size-gi-baking-worker=262144"
    "memorysetup-temp-allocator-size-gi-baking-worker=262144"
    "memorysetup-temp-allocator-size-gi-baking-worker=262144"
    "memorysetup-temp-allocator-size-gfx=262144"
Player connection [8820]  Target information:

Player connection [8820]  * "[IP] 172.20.10.4 [Port] 0 [Flags] 2 [Guid] 3805685909 [EditorId] 3805685909 [Version] 1048832 [Id] WindowsEditor(7,LAPTOP-LBPM5099) [Debug] 1 [PackageName] WindowsEditor [ProjectName] Editor" 

Player connection [8820] Host joined multi-casting on [225.0.0.222:54997]...
Player connection [8820] Host joined alternative multi-casting on [225.0.0.222:34997]...
JobSystem: Creating JobQueue using job-worker-count value 5
Input System module state changed to: Initialized.
[Physics::Module] Initialized fallback backend.
[Physics::Module] Id: 0xdecafbad
Library Redirect Path: Library/
[Physics::Module] Selected backend.
[Physics::Module] Name: PhysX
[Physics::Module] Id: 0xf2b8ea05
[Physics::Module] SDK Version: 4.1.2
[Physics::Module] Integration Version: 1.0.0
[Physics::Module] Threading Mode: Multi-Threaded
Refreshing native plugins compatible for Editor in 1.16 ms, found 3 plugins.
Preloading 0 native plugins for Editor in 0.00 ms.
Initialize engine version: 6000.0.38f1 (82314a941f2d)
[Subsystems] Discovering subsystems at path D:/ProgramsInstalledDdrive/Unity/Hub/6000.0.38f1/Editor/Data/Resources/UnitySubsystems
[Subsystems] Discovering subsystems at path D:/Unity Projects/Staydry3/Assets
GfxDevice: creating device client; kGfxThreadingModeNonThreaded
Direct3D:
    Version:         Direct3D 12 [level 12.1]
    Renderer:        NVIDIA GeForce RTX 2060 (ID=0x1f51)
    Vendor:          NVIDIA
    VRAM:            5955 MB
    App VRAM Budget: 5187 MB
    Driver:          32.0.15.6590
Initialize mono
Mono path[0] = 'D:/ProgramsInstalledDdrive/Unity/Hub/6000.0.38f1/Editor/Data/Managed'
Mono path[1] = 'D:/ProgramsInstalledDdrive/Unity/Hub/6000.0.38f1/Editor/Data/MonoBleedingEdge/lib/mono/unityjit-win32'
Mono config path = 'D:/ProgramsInstalledDdrive/Unity/Hub/6000.0.38f1/Editor/Data/MonoBleedingEdge/etc'
Using monoOptions --debugger-agent=transport=dt_socket,embedding=1,server=y,suspend=n,address=127.0.0.1:56096
Begin MonoManager ReloadAssembly
Registering precompiled unity dll's ...
Register platform support module: D:/ProgramsInstalledDdrive/Unity/Hub/6000.0.38f1/Editor/Data/PlaybackEngines/WindowsStandaloneSupport/UnityEditor.WindowsStandalone.Extensions.dll
Register platform support module: D:/ProgramsInstalledDdrive/Unity/Hub/6000.0.38f1/Editor/Data/PlaybackEngines/MetroSupport/UnityEditor.UWP.Extensions.dll
Registered in 0.003914 seconds.
- Loaded All Assemblies, in  0.489 seconds
Native extension for UWP target not found
Native extension for WindowsStandalone target not found
Mono: successfully reloaded assembly
- Finished resetting the current domain, in  0.443 seconds
Domain Reload Profiling: 931ms
	BeginReloadAssembly (161ms)
		ExecutionOrderSort (0ms)
		DisableScriptedObjects (0ms)
		BackupInstance (0ms)
		ReleaseScriptingObjects (0ms)
		CreateAndSetChildDomain (1ms)
	RebuildCommonClasses (47ms)
	RebuildNativeTypeToScriptingClass (16ms)
	initialDomainReloadingComplete (58ms)
	LoadAllAssembliesAndSetupDomain (206ms)
		LoadAssemblies (160ms)
		RebuildTransferFunctionScriptingTraits (0ms)
		AnalyzeDomain (203ms)
			TypeCache.Refresh (201ms)
				TypeCache.ScanAssembly (185ms)
			BuildScriptInfoCaches (0ms)
			ResolveRequiredComponents (1ms)
	FinalizeReload (443ms)
		ReleaseScriptCaches (0ms)
		RebuildScriptCaches (0ms)
		SetupLoadedEditorAssemblies (385ms)
			LogAssemblyErrors (0ms)
			InitializePlatformSupportModulesInManaged (37ms)
			SetLoadedEditorAssemblies (5ms)
			BeforeProcessingInitializeOnLoad (70ms)
			ProcessInitializeOnLoadAttributes (200ms)
			ProcessInitializeOnLoadMethodAttributes (72ms)
			AfterProcessingInitializeOnLoad (0ms)
			EditorAssembliesLoaded (0ms)
		ExecutionOrderSort2 (0ms)
		AwakeInstancesAfterBackupRestoration (0ms)
========================================================================
Worker process is ready to serve import requests
Import Worker Mode flag is 0x00
Begin MonoManager ReloadAssembly
- Loaded All Assemblies, in  0.995 seconds
'Packages/com.unity.render-pipelines.high-definition/Editor/Wizard/HDWizard.UIElement.cs' contains partial class of Unity.Object, exactly 1 of the partial classes needs to be in a file with the same filename. This is to know the one that can be referenced from ie. GameObjects
'Packages/com.unity.render-pipelines.high-definition/Editor/Wizard/HDWizard.Configuration.cs' contains partial class of Unity.Object, exactly 1 of the partial classes needs to be in a file with the same filename. This is to know the one that can be referenced from ie. GameObjects
'Packages/com.unity.render-pipelines.high-definition/Editor/Wizard/HDWizard.Window.cs' contains partial class of Unity.Object, exactly 1 of the partial classes needs to be in a file with the same filename. This is to know the one that can be referenced from ie. GameObjects
Refreshing native plugins compatible for Editor in 0.58 ms, found 3 plugins.
Native extension for UWP target not found
Native extension for WindowsStandalone target not found
[MODES] ModeService[none].Initialize
[MODES] ModeService[none].LoadModes
[MODES] Loading mode Default (0) for mode-current-id-Staydry3
Mono: successfully reloaded assembly
- Finished resetting the current domain, in  1.186 seconds
Domain Reload Profiling: 2180ms
	BeginReloadAssembly (198ms)
		ExecutionOrderSort (0ms)
		DisableScriptedObjects (8ms)
		BackupInstance (0ms)
		ReleaseScriptingObjects (0ms)
		CreateAndSetChildDomain (32ms)
	RebuildCommonClasses (43ms)
	RebuildNativeTypeToScriptingClass (15ms)
	initialDomainReloadingComplete (40ms)
	LoadAllAssembliesAndSetupDomain (698ms)
		LoadAssemblies (376ms)
		RebuildTransferFunctionScriptingTraits (0ms)
		AnalyzeDomain (440ms)
			TypeCache.Refresh (331ms)
				TypeCache.ScanAssembly (312ms)
			BuildScriptInfoCaches (90ms)
			ResolveRequiredComponents (14ms)
	FinalizeReload (1186ms)
		ReleaseScriptCaches (0ms)
		RebuildScriptCaches (0ms)
		SetupLoadedEditorAssemblies (991ms)
			LogAssemblyErrors (0ms)
			InitializePlatformSupportModulesInManaged (3ms)
			SetLoadedEditorAssemblies (7ms)
			BeforeProcessingInitializeOnLoad (133ms)
			ProcessInitializeOnLoadAttributes (474ms)
			ProcessInitializeOnLoadMethodAttributes (372ms)
			AfterProcessingInitializeOnLoad (3ms)
			EditorAssembliesLoaded (0ms)
		ExecutionOrderSort2 (0ms)
		AwakeInstancesAfterBackupRestoration (12ms)
Launched and connected shader compiler UnityShaderCompiler.exe after 0.01 seconds
Refreshing native plugins compatible for Editor in 0.66 ms, found 3 plugins.
Preloading 0 native plugins for Editor in 0.00 ms.
Unloading 462 Unused Serialized files (Serialized files now loaded: 0)
Unloading 6795 unused Assets / (7.6 MB). Loaded Objects now: 7732.
Memory consumption went from 274.1 MB to 266.5 MB.
Total: 11.295200 ms (FindLiveObjects: 0.847000 ms CreateObjectMapping: 1.449300 ms MarkObjects: 5.753900 ms  DeleteObjects: 3.243300 ms)

========================================================================
Received Import Request.
  Time since last request: 31562.460152 seconds.
  path: Assets/LimA_Bored/textures/Lima_Bored/Lima_Bored/CC_Base_Body/Std_Nails/Std_Nails_HDRP.png
  artifactKey: Guid(a8383f6a36f07344bad0f9f28dd0b463) Importer(815301076,1909f56bfc062723c751e8b465ee728b)
Start importing Assets/LimA_Bored/textures/Lima_Bored/Lima_Bored/CC_Base_Body/Std_Nails/Std_Nails_HDRP.png using Guid(a8383f6a36f07344bad0f9f28dd0b463) Importer(815301076,1909f56bfc062723c751e8b465ee728b) (PreviewImporter) -> (artifact id: '3264499130609853bc9b611b75ffc6df') in 0.1209932 seconds
Number of updated asset objects reloaded before import = 0Number of asset objects unloaded after import = 2

========================================================================
Received Import Request.
  Time since last request: 0.000018 seconds.
  path: Assets/LimA_Bored/Lima_Bored.fbm/Std_Nails_Normal.png
  artifactKey: Guid(b8f833d7d54eb4c49b892ca0a27c5df3) Importer(815301076,1909f56bfc062723c751e8b465ee728b)
Start importing Assets/LimA_Bored/Lima_Bored.fbm/Std_Nails_Normal.png using Guid(b8f833d7d54eb4c49b892ca0a27c5df3) Importer(815301076,1909f56bfc062723c751e8b465ee728b) (PreviewImporter) -> (artifact id: '94d823ebc9268d33f5515a16d1dab452') in 0.0620699 seconds
Number of updated asset objects reloaded before import = 0Number of asset objects unloaded after import = 2

========================================================================
Received Import Request.
  Time since last request: 0.000034 seconds.
  path: Assets/LimA_Bored/textures/Lima_Bored/Lima_Bored/CC_Base_Body/Std_Nails/Std_Nails_RGBAMask.png
  artifactKey: Guid(005288c98582da84284251fb761c614c) Importer(815301076,1909f56bfc062723c751e8b465ee728b)
Start importing Assets/LimA_Bored/textures/Lima_Bored/Lima_Bored/CC_Base_Body/Std_Nails/Std_Nails_RGBAMask.png using Guid(005288c98582da84284251fb761c614c) Importer(815301076,1909f56bfc062723c751e8b465ee728b) (PreviewImporter) -> (artifact id: '3495738be2fdcbe9bc2664b4f11823c0') in 0.0152933 seconds
Number of updated asset objects reloaded before import = 0Number of asset objects unloaded after import = 2

========================================================================
Received Import Request.
  Time since last request: 0.000015 seconds.
  path: Assets/LimA_Bored/textures/Lima_Bored/Lima_Bored/CC_Base_Body/Std_Nails/Std_Nails_SSSMap.png
  artifactKey: Guid(3c2dff57f536e3a4682c1d7ce7322ee5) Importer(815301076,1909f56bfc062723c751e8b465ee728b)
Start importing Assets/LimA_Bored/textures/Lima_Bored/Lima_Bored/CC_Base_Body/Std_Nails/Std_Nails_SSSMap.png using Guid(3c2dff57f536e3a4682c1d7ce7322ee5) Importer(815301076,1909f56bfc062723c751e8b465ee728b) (PreviewImporter) -> (artifact id: '2da417825d76a2a9b67420ddf06550cc') in 0.0125375 seconds
Number of updated asset objects reloaded before import = 0Number of asset objects unloaded after import = 2

========================================================================
Received Import Request.
  Time since last request: 10.129815 seconds.
  path: Assets/LimA_Bored/Lima_Bored.fbm/Std_Skin_Arm_Normal.png
  artifactKey: Guid(e08a76ff4f3c267478f81c7f80ac6c4b) Importer(815301076,1909f56bfc062723c751e8b465ee728b)
Start importing Assets/LimA_Bored/Lima_Bored.fbm/Std_Skin_Arm_Normal.png using Guid(e08a76ff4f3c267478f81c7f80ac6c4b) Importer(815301076,1909f56bfc062723c751e8b465ee728b) (PreviewImporter) -> (artifact id: 'f67837df9f01a32ccc011a324e19e843') in 0.0432842 seconds
Number of updated asset objects reloaded before import = 0Number of asset objects unloaded after import = 2

========================================================================
Received Import Request.
  Time since last request: 0.000021 seconds.
  path: Assets/LimA_Bored/textures/Lima_Bored/Lima_Bored/CC_Base_Body/Std_Skin_Arm/Std_Skin_Arm_RGBAMask.png
  artifactKey: Guid(8972a25cac906fc4cb47301d71152e59) Importer(815301076,1909f56bfc062723c751e8b465ee728b)
Start importing Assets/LimA_Bored/textures/Lima_Bored/Lima_Bored/CC_Base_Body/Std_Skin_Arm/Std_Skin_Arm_RGBAMask.png using Guid(8972a25cac906fc4cb47301d71152e59) Importer(815301076,1909f56bfc062723c751e8b465ee728b) (PreviewImporter) -> (artifact id: '22705bca15de39bb2cef6c9d50b49c5d') in 0.0599622 seconds
Number of updated asset objects reloaded before import = 0Number of asset objects unloaded after import = 2

========================================================================
Received Import Request.
  Time since last request: 0.000029 seconds.
  path: Assets/LimA_Bored/textures/Lima_Bored/Lima_Bored/CC_Base_Body/Std_Skin_Arm/Std_Skin_Arm_TransMap.png
  artifactKey: Guid(93a41b3339f787348955accf8b2486e7) Importer(815301076,1909f56bfc062723c751e8b465ee728b)
Start importing Assets/LimA_Bored/textures/Lima_Bored/Lima_Bored/CC_Base_Body/Std_Skin_Arm/Std_Skin_Arm_TransMap.png using Guid(93a41b3339f787348955accf8b2486e7) Importer(815301076,1909f56bfc062723c751e8b465ee728b) (PreviewImporter) -> (artifact id: '856c974bb2dedf434e9e381f4d2ee688') in 0.015834 seconds
Number of updated asset objects reloaded before import = 0Number of asset objects unloaded after import = 2

========================================================================
Received Import Request.
  Time since last request: 10.338209 seconds.
  path: Assets/LimA_Bored/Lima_Bored.fbm/Std_Skin_Body_Normal.png
  artifactKey: Guid(f75ec0632a0d270408a4a18deca99ba4) Importer(815301076,1909f56bfc062723c751e8b465ee728b)
Start importing Assets/LimA_Bored/Lima_Bored.fbm/Std_Skin_Body_Normal.png using Guid(f75ec0632a0d270408a4a18deca99ba4) Importer(815301076,1909f56bfc062723c751e8b465ee728b) (PreviewImporter) -> (artifact id: 'd8ef0d18d30b2045a3155870de0f01be') in 0.0384211 seconds
Number of updated asset objects reloaded before import = 0Number of asset objects unloaded after import = 2

========================================================================
Received Import Request.
  Time since last request: 0.000023 seconds.
  path: Assets/LimA_Bored/textures/Lima_Bored/Lima_Bored/CC_Base_Body/Std_Skin_Body/Std_Skin_Body_TransMap.png
  artifactKey: Guid(5d92ce8cef0ce91478f303340c2cd437) Importer(815301076,1909f56bfc062723c751e8b465ee728b)
Start importing Assets/LimA_Bored/textures/Lima_Bored/Lima_Bored/CC_Base_Body/Std_Skin_Body/Std_Skin_Body_TransMap.png using Guid(5d92ce8cef0ce91478f303340c2cd437) Importer(815301076,1909f56bfc062723c751e8b465ee728b) (PreviewImporter) -> (artifact id: '547e640bdde9480312dbfacd4894f213') in 0.0217695 seconds
Number of updated asset objects reloaded before import = 0Number of asset objects unloaded after import = 2

========================================================================
Received Import Request.
  Time since last request: 10.004388 seconds.
  path: Assets/LimA_Bored/Lima_Bored.fbm/Std_Skin_Head_Normal.png
  artifactKey: Guid(a3347eee69b5ea2479f097d7c90dea53) Importer(815301076,1909f56bfc062723c751e8b465ee728b)
Start importing Assets/LimA_Bored/Lima_Bored.fbm/Std_Skin_Head_Normal.png using Guid(a3347eee69b5ea2479f097d7c90dea53) Importer(815301076,1909f56bfc062723c751e8b465ee728b) (PreviewImporter) -> (artifact id: 'f3dace3812ab5249d1a09ea192fd5a09') in 0.0295353 seconds
Number of updated asset objects reloaded before import = 0Number of asset objects unloaded after import = 2

========================================================================
Received Import Request.
  Time since last request: 0.000017 seconds.
  path: Assets/LimA_Bored/textures/Lima_Bored/Lima_Bored/CC_Base_Body/Std_Skin_Head/Std_Skin_Head_ENMask.png
  artifactKey: Guid(4c23ad1ba0407e74b9dcdb8c60527546) Importer(815301076,1909f56bfc062723c751e8b465ee728b)
Start importing Assets/LimA_Bored/textures/Lima_Bored/Lima_Bored/CC_Base_Body/Std_Skin_Head/Std_Skin_Head_ENMask.png using Guid(4c23ad1ba0407e74b9dcdb8c60527546) Importer(815301076,1909f56bfc062723c751e8b465ee728b) (PreviewImporter) -> (artifact id: '5308debc999ff43df8091ec5fce817f7') in 0.0502223 seconds
Number of updated asset objects reloaded before import = 0Number of asset objects unloaded after import = 2

========================================================================
Received Import Request.
  Time since last request: 0.000024 seconds.
  path: Assets/LimA_Bored/textures/Lima_Bored/Lima_Bored/CC_Base_Body/Std_Skin_Head/Std_Skin_Head_NMUILMask.png
  artifactKey: Guid(8fc5f986f9452da4b84736a17b813d32) Importer(815301076,1909f56bfc062723c751e8b465ee728b)
Start importing Assets/LimA_Bored/textures/Lima_Bored/Lima_Bored/CC_Base_Body/Std_Skin_Head/Std_Skin_Head_NMUILMask.png using Guid(8fc5f986f9452da4b84736a17b813d32) Importer(815301076,1909f56bfc062723c751e8b465ee728b) (PreviewImporter) -> (artifact id: '99dce64846687b5f989c17eb12d8b469') in 0.0184226 seconds
Number of updated asset objects reloaded before import = 0Number of asset objects unloaded after import = 2

========================================================================
Received Import Request.
  Time since last request: 0.000016 seconds.
  path: Assets/LimA_Bored/textures/Lima_Bored/Lima_Bored/CC_Base_Body/Std_Skin_Head/Std_Skin_Head_TransMap.png
  artifactKey: Guid(1d86ed11d060e3a49a44a92584764c8a) Importer(815301076,1909f56bfc062723c751e8b465ee728b)
Start importing Assets/LimA_Bored/textures/Lima_Bored/Lima_Bored/CC_Base_Body/Std_Skin_Head/Std_Skin_Head_TransMap.png using Guid(1d86ed11d060e3a49a44a92584764c8a) Importer(815301076,1909f56bfc062723c751e8b465ee728b) (PreviewImporter) -> (artifact id: '076679c1e8b6806a80018011c3a0e524') in 0.0226714 seconds
Number of updated asset objects reloaded before import = 0Number of asset objects unloaded after import = 2

========================================================================
Received Import Request.
  Time since last request: 382.201186 seconds.
  path: Assets/LimA_Bored/Meshes/Lima_Bored/Female_Angled_ExtractedHairMesh0.mesh
  artifactKey: Guid(3f60e278b01b5d44ea01a6b4f3587974) Importer(815301076,1909f56bfc062723c751e8b465ee728b)
Start importing Assets/LimA_Bored/Meshes/Lima_Bored/Female_Angled_ExtractedHairMesh0.mesh using Guid(3f60e278b01b5d44ea01a6b4f3587974) Importer(815301076,1909f56bfc062723c751e8b465ee728b) (PreviewImporter) -> (artifact id: 'f88a3f24bc9d1a76ad839e7d3223ee7d') in 0.1784622 seconds
Number of updated asset objects reloaded before import = 0Number of asset objects unloaded after import = 2

========================================================================
Received Import Request.
  Time since last request: 0.000031 seconds.
  path: Assets/LimA_Bored/Meshes/Lima_Bored/Female_Angled_Remaining.mesh
  artifactKey: Guid(b35e61f66001ac947b342b6aaff27e96) Importer(815301076,1909f56bfc062723c751e8b465ee728b)
Start importing Assets/LimA_Bored/Meshes/Lima_Bored/Female_Angled_Remaining.mesh using Guid(b35e61f66001ac947b342b6aaff27e96) Importer(815301076,1909f56bfc062723c751e8b465ee728b) (PreviewImporter) -> (artifact id: '83b511c2df779af7e5c160e01337bedf') in 0.0210787 seconds
Number of updated asset objects reloaded before import = 0Number of asset objects unloaded after import = 2

