Using pre-set license
Built from '6000.0/staging' branch; Version is '6000.0.38f1 (82314a941f2d) revision 8532298'; Using compiler version '193933523'; Build Type 'Release'
OS: 'Windows 10  (10.0.19045) 64bit Core' Language: 'en' Physical Memory: 32689 MB
BatchMode: 1, IsHumanControllingUs: 0, StartBugReporterOnCrash: 0, Is64bit: 1, IsPro: 1

COMMAND LINE ARGUMENTS:
D:\ProgramsInstalledDdrive\Unity\Hub\6000.0.38f1\Editor\Unity.exe
-adb2
-batchMode
-noUpm
-name
AssetImportWorker0
-projectPath
D:/Unity Projects/Staydry3
-logFile
Logs/AssetImportWorker0.log
-srvPort
65436
-job-worker-count
5
-background-job-worker-count
8
-gc-helper-count
1
Successfully changed project path to: D:/Unity Projects/Staydry3
D:/Unity Projects/Staydry3
[UnityMemory] Configuration Parameters - Can be set up in boot.config
    "memorysetup-bucket-allocator-granularity=16"
    "memorysetup-bucket-allocator-bucket-count=8"
    "memorysetup-bucket-allocator-block-size=33554432"
    "memorysetup-bucket-allocator-block-count=8"
    "memorysetup-main-allocator-block-size=16777216"
    "memorysetup-thread-allocator-block-size=16777216"
    "memorysetup-gfx-main-allocator-block-size=16777216"
    "memorysetup-gfx-thread-allocator-block-size=16777216"
    "memorysetup-cache-allocator-block-size=4194304"
    "memorysetup-typetree-allocator-block-size=2097152"
    "memorysetup-profiler-bucket-allocator-granularity=16"
    "memorysetup-profiler-bucket-allocator-bucket-count=8"
    "memorysetup-profiler-bucket-allocator-block-size=33554432"
    "memorysetup-profiler-bucket-allocator-block-count=8"
    "memorysetup-profiler-allocator-block-size=16777216"
    "memorysetup-profiler-editor-allocator-block-size=1048576"
    "memorysetup-temp-allocator-size-main=16777216"
    "memorysetup-job-temp-allocator-block-size=2097152"
    "memorysetup-job-temp-allocator-block-size-background=1048576"
    "memorysetup-job-temp-allocator-reduction-small-platforms=262144"
    "memorysetup-allocator-temp-initial-block-size-main=262144"
    "memorysetup-allocator-temp-initial-block-size-worker=262144"
    "memorysetup-temp-allocator-size-background-worker=32768"
    "memorysetup-temp-allocator-size-job-worker=262144"
    "memorysetup-temp-allocator-size-preload-manager=33554432"
    "memorysetup-temp-allocator-size-nav-mesh-worker=65536"
    "memorysetup-temp-allocator-size-audio-worker=65536"
    "memorysetup-temp-allocator-size-cloud-worker=32768"
    "memorysetup-temp-allocator-size-gi-baking-worker=262144"
    "memorysetup-temp-allocator-size-gi-baking-worker=262144"
    "memorysetup-temp-allocator-size-gi-baking-worker=262144"
    "memorysetup-temp-allocator-size-gi-baking-worker=262144"
    "memorysetup-temp-allocator-size-gi-baking-worker=262144"
    "memorysetup-temp-allocator-size-gfx=262144"
Player connection [2924]  Target information:

Player connection [2924]  * "[IP] 172.20.10.4 [Port] 0 [Flags] 2 [Guid] 4260924016 [EditorId] 4260924016 [Version] 1048832 [Id] WindowsEditor(7,LAPTOP-LBPM5099) [Debug] 1 [PackageName] WindowsEditor [ProjectName] Editor" 

Player connection [2924] Host joined multi-casting on [225.0.0.222:54997]...
Player connection [2924] Host joined alternative multi-casting on [225.0.0.222:34997]...
JobSystem: Creating JobQueue using job-worker-count value 5
Input System module state changed to: Initialized.
[Physics::Module] Initialized fallback backend.
[Physics::Module] Id: 0xdecafbad
Library Redirect Path: Library/
[Physics::Module] Selected backend.
[Physics::Module] Name: PhysX
[Physics::Module] Id: 0xf2b8ea05
[Physics::Module] SDK Version: 4.1.2
[Physics::Module] Integration Version: 1.0.0
[Physics::Module] Threading Mode: Multi-Threaded
Refreshing native plugins compatible for Editor in 1.24 ms, found 3 plugins.
Preloading 0 native plugins for Editor in 0.00 ms.
Initialize engine version: 6000.0.38f1 (82314a941f2d)
[Subsystems] Discovering subsystems at path D:/ProgramsInstalledDdrive/Unity/Hub/6000.0.38f1/Editor/Data/Resources/UnitySubsystems
[Subsystems] Discovering subsystems at path D:/Unity Projects/Staydry3/Assets
GfxDevice: creating device client; kGfxThreadingModeNonThreaded
Direct3D:
    Version:         Direct3D 12 [level 12.1]
    Renderer:        NVIDIA GeForce RTX 2060 (ID=0x1f51)
    Vendor:          NVIDIA
    VRAM:            5955 MB
    App VRAM Budget: 5187 MB
    Driver:          32.0.15.6590
Initialize mono
Mono path[0] = 'D:/ProgramsInstalledDdrive/Unity/Hub/6000.0.38f1/Editor/Data/Managed'
Mono path[1] = 'D:/ProgramsInstalledDdrive/Unity/Hub/6000.0.38f1/Editor/Data/MonoBleedingEdge/lib/mono/unityjit-win32'
Mono config path = 'D:/ProgramsInstalledDdrive/Unity/Hub/6000.0.38f1/Editor/Data/MonoBleedingEdge/etc'
Using monoOptions --debugger-agent=transport=dt_socket,embedding=1,server=y,suspend=n,address=127.0.0.1:56156
Begin MonoManager ReloadAssembly
Registering precompiled unity dll's ...
Register platform support module: D:/ProgramsInstalledDdrive/Unity/Hub/6000.0.38f1/Editor/Data/PlaybackEngines/WindowsStandaloneSupport/UnityEditor.WindowsStandalone.Extensions.dll
Register platform support module: D:/ProgramsInstalledDdrive/Unity/Hub/6000.0.38f1/Editor/Data/PlaybackEngines/MetroSupport/UnityEditor.UWP.Extensions.dll
Registered in 0.003465 seconds.
- Loaded All Assemblies, in  0.479 seconds
Native extension for UWP target not found
Native extension for WindowsStandalone target not found
Mono: successfully reloaded assembly
- Finished resetting the current domain, in  0.452 seconds
Domain Reload Profiling: 930ms
	BeginReloadAssembly (161ms)
		ExecutionOrderSort (0ms)
		DisableScriptedObjects (0ms)
		BackupInstance (0ms)
		ReleaseScriptingObjects (0ms)
		CreateAndSetChildDomain (1ms)
	RebuildCommonClasses (46ms)
	RebuildNativeTypeToScriptingClass (17ms)
	initialDomainReloadingComplete (55ms)
	LoadAllAssembliesAndSetupDomain (200ms)
		LoadAssemblies (160ms)
		RebuildTransferFunctionScriptingTraits (0ms)
		AnalyzeDomain (196ms)
			TypeCache.Refresh (194ms)
				TypeCache.ScanAssembly (178ms)
			BuildScriptInfoCaches (0ms)
			ResolveRequiredComponents (1ms)
	FinalizeReload (453ms)
		ReleaseScriptCaches (0ms)
		RebuildScriptCaches (0ms)
		SetupLoadedEditorAssemblies (389ms)
			LogAssemblyErrors (0ms)
			InitializePlatformSupportModulesInManaged (32ms)
			SetLoadedEditorAssemblies (5ms)
			BeforeProcessingInitializeOnLoad (72ms)
			ProcessInitializeOnLoadAttributes (200ms)
			ProcessInitializeOnLoadMethodAttributes (79ms)
			AfterProcessingInitializeOnLoad (0ms)
			EditorAssembliesLoaded (0ms)
		ExecutionOrderSort2 (0ms)
		AwakeInstancesAfterBackupRestoration (0ms)
========================================================================
Worker process is ready to serve import requests
Import Worker Mode flag is 0x00
Begin MonoManager ReloadAssembly
- Loaded All Assemblies, in  1.032 seconds
'Packages/com.unity.render-pipelines.high-definition/Editor/Wizard/HDWizard.UIElement.cs' contains partial class of Unity.Object, exactly 1 of the partial classes needs to be in a file with the same filename. This is to know the one that can be referenced from ie. GameObjects
'Packages/com.unity.render-pipelines.high-definition/Editor/Wizard/HDWizard.Configuration.cs' contains partial class of Unity.Object, exactly 1 of the partial classes needs to be in a file with the same filename. This is to know the one that can be referenced from ie. GameObjects
'Packages/com.unity.render-pipelines.high-definition/Editor/Wizard/HDWizard.Window.cs' contains partial class of Unity.Object, exactly 1 of the partial classes needs to be in a file with the same filename. This is to know the one that can be referenced from ie. GameObjects
Refreshing native plugins compatible for Editor in 0.80 ms, found 3 plugins.
Native extension for UWP target not found
Native extension for WindowsStandalone target not found
[MODES] ModeService[none].Initialize
[MODES] ModeService[none].LoadModes
[MODES] Loading mode Default (0) for mode-current-id-Staydry3
Mono: successfully reloaded assembly
- Finished resetting the current domain, in  1.174 seconds
Domain Reload Profiling: 2205ms
	BeginReloadAssembly (231ms)
		ExecutionOrderSort (0ms)
		DisableScriptedObjects (8ms)
		BackupInstance (0ms)
		ReleaseScriptingObjects (0ms)
		CreateAndSetChildDomain (32ms)
	RebuildCommonClasses (42ms)
	RebuildNativeTypeToScriptingClass (14ms)
	initialDomainReloadingComplete (40ms)
	LoadAllAssembliesAndSetupDomain (702ms)
		LoadAssemblies (384ms)
		RebuildTransferFunctionScriptingTraits (0ms)
		AnalyzeDomain (439ms)
			TypeCache.Refresh (331ms)
				TypeCache.ScanAssembly (310ms)
			BuildScriptInfoCaches (86ms)
			ResolveRequiredComponents (18ms)
	FinalizeReload (1175ms)
		ReleaseScriptCaches (0ms)
		RebuildScriptCaches (0ms)
		SetupLoadedEditorAssemblies (991ms)
			LogAssemblyErrors (0ms)
			InitializePlatformSupportModulesInManaged (3ms)
			SetLoadedEditorAssemblies (5ms)
			BeforeProcessingInitializeOnLoad (128ms)
			ProcessInitializeOnLoadAttributes (465ms)
			ProcessInitializeOnLoadMethodAttributes (387ms)
			AfterProcessingInitializeOnLoad (3ms)
			EditorAssembliesLoaded (0ms)
		ExecutionOrderSort2 (0ms)
		AwakeInstancesAfterBackupRestoration (11ms)
Launched and connected shader compiler UnityShaderCompiler.exe after 0.01 seconds
Refreshing native plugins compatible for Editor in 0.72 ms, found 3 plugins.
Preloading 0 native plugins for Editor in 0.00 ms.
Unloading 462 Unused Serialized files (Serialized files now loaded: 0)
Unloading 6795 unused Assets / (7.7 MB). Loaded Objects now: 7732.
Memory consumption went from 274.1 MB to 266.3 MB.
Total: 11.092700 ms (FindLiveObjects: 0.813600 ms CreateObjectMapping: 1.300200 ms MarkObjects: 5.206800 ms  DeleteObjects: 3.771100 ms)

========================================================================
Received Import Request.
  Time since last request: 31562.448545 seconds.
  path: Assets/LimA_Bored/Lima_Bored.fbm/Std_Nails_Diffuse.png
  artifactKey: Guid(9e3bedbec04bd274d87ed71c1ac0ef8c) Importer(815301076,1909f56bfc062723c751e8b465ee728b)
Start importing Assets/LimA_Bored/Lima_Bored.fbm/Std_Nails_Diffuse.png using Guid(9e3bedbec04bd274d87ed71c1ac0ef8c) Importer(815301076,1909f56bfc062723c751e8b465ee728b) (PreviewImporter) -> (artifact id: '9abccd17ac231307e85eaa70bf2f1938') in 0.1151629 seconds
Number of updated asset objects reloaded before import = 0Number of asset objects unloaded after import = 2

========================================================================
Received Import Request.
  Time since last request: 0.000020 seconds.
  path: Assets/LimA_Bored/textures/Lima_Bored/Lima_Bored/CC_Base_Body/Std_Nails/Std_Nails_TransMap.png
  artifactKey: Guid(a931149f5510d4346bb801f3313dc60f) Importer(815301076,1909f56bfc062723c751e8b465ee728b)
Start importing Assets/LimA_Bored/textures/Lima_Bored/Lima_Bored/CC_Base_Body/Std_Nails/Std_Nails_TransMap.png using Guid(a931149f5510d4346bb801f3313dc60f) Importer(815301076,1909f56bfc062723c751e8b465ee728b) (PreviewImporter) -> (artifact id: '5aa0a8760630baa41fb6b8234d442263') in 0.0179727 seconds
Number of updated asset objects reloaded before import = 0Number of asset objects unloaded after import = 2

========================================================================
Received Import Request.
  Time since last request: 0.000031 seconds.
  path: Assets/LimA_Bored/textures/Lima_Bored/Lima_Bored/CC_Base_Body/Std_Nails/Std_Nails_MicroN.png
  artifactKey: Guid(41234d57b4234ac41b01554d57dae3ec) Importer(815301076,1909f56bfc062723c751e8b465ee728b)
Start importing Assets/LimA_Bored/textures/Lima_Bored/Lima_Bored/CC_Base_Body/Std_Nails/Std_Nails_MicroN.png using Guid(41234d57b4234ac41b01554d57dae3ec) Importer(815301076,1909f56bfc062723c751e8b465ee728b) (PreviewImporter) -> (artifact id: '45b769160d836d520e37cba77a248a23') in 0.0695072 seconds
Number of updated asset objects reloaded before import = 0Number of asset objects unloaded after import = 2

========================================================================
Received Import Request.
  Time since last request: 10.287910 seconds.
  path: Assets/LimA_Bored/textures/Lima_Bored/Lima_Bored/CC_Base_Body/Std_Skin_Arm/Std_Skin_Arm_HDRP.png
  artifactKey: Guid(1685badd774036a44915c81977262f95) Importer(815301076,1909f56bfc062723c751e8b465ee728b)
Start importing Assets/LimA_Bored/textures/Lima_Bored/Lima_Bored/CC_Base_Body/Std_Skin_Arm/Std_Skin_Arm_HDRP.png using Guid(1685badd774036a44915c81977262f95) Importer(815301076,1909f56bfc062723c751e8b465ee728b) (PreviewImporter) -> (artifact id: 'ca23f44a8fdde0ee6a0a601383f516f0') in 0.0424754 seconds
Number of updated asset objects reloaded before import = 0Number of asset objects unloaded after import = 2

========================================================================
Received Import Request.
  Time since last request: 0.000022 seconds.
  path: Assets/LimA_Bored/textures/Lima_Bored/Lima_Bored/CC_Base_Body/Std_Skin_Head/Std_Skin_Head_MicroN.png
  artifactKey: Guid(f5187a1c3ed5f0f4ea8da6113e348e30) Importer(815301076,1909f56bfc062723c751e8b465ee728b)
Start importing Assets/LimA_Bored/textures/Lima_Bored/Lima_Bored/CC_Base_Body/Std_Skin_Head/Std_Skin_Head_MicroN.png using Guid(f5187a1c3ed5f0f4ea8da6113e348e30) Importer(815301076,1909f56bfc062723c751e8b465ee728b) (PreviewImporter) -> (artifact id: '400602e4f80c1366838c79b30f5572bb') in 0.0617262 seconds
Number of updated asset objects reloaded before import = 0Number of asset objects unloaded after import = 2

========================================================================
Received Import Request.
  Time since last request: 10.503487 seconds.
  path: Assets/LimA_Bored/textures/Lima_Bored/Lima_Bored/CC_Base_Body/Std_Skin_Body/Std_Skin_Body_HDRP.png
  artifactKey: Guid(c7d6fd7635669d44ea6a02f98285cf0a) Importer(815301076,1909f56bfc062723c751e8b465ee728b)
Start importing Assets/LimA_Bored/textures/Lima_Bored/Lima_Bored/CC_Base_Body/Std_Skin_Body/Std_Skin_Body_HDRP.png using Guid(c7d6fd7635669d44ea6a02f98285cf0a) Importer(815301076,1909f56bfc062723c751e8b465ee728b) (PreviewImporter) -> (artifact id: '808af2ce5599d4bfa08d73f3731356f1') in 0.0383712 seconds
Number of updated asset objects reloaded before import = 0Number of asset objects unloaded after import = 2

========================================================================
Received Import Request.
  Time since last request: 0.000019 seconds.
  path: Assets/LimA_Bored/textures/Lima_Bored/Lima_Bored/CC_Base_Body/Std_Skin_Body/Std_Skin_Body_RGBAMask.png
  artifactKey: Guid(bc47e9f529fe13d408734b7d033d5a86) Importer(815301076,1909f56bfc062723c751e8b465ee728b)
Start importing Assets/LimA_Bored/textures/Lima_Bored/Lima_Bored/CC_Base_Body/Std_Skin_Body/Std_Skin_Body_RGBAMask.png using Guid(bc47e9f529fe13d408734b7d033d5a86) Importer(815301076,1909f56bfc062723c751e8b465ee728b) (PreviewImporter) -> (artifact id: '394853d01f5cc95457210b55348e8f67') in 0.018853 seconds
Number of updated asset objects reloaded before import = 0Number of asset objects unloaded after import = 2

========================================================================
Received Import Request.
  Time since last request: 10.016389 seconds.
  path: Assets/LimA_Bored/textures/Lima_Bored/Lima_Bored/CC_Base_Body/Std_Skin_Head/Std_Skin_Head_HDRP.png
  artifactKey: Guid(b8138c547bb5f7f46a0447870cf3ccdb) Importer(815301076,1909f56bfc062723c751e8b465ee728b)
Start importing Assets/LimA_Bored/textures/Lima_Bored/Lima_Bored/CC_Base_Body/Std_Skin_Head/Std_Skin_Head_HDRP.png using Guid(b8138c547bb5f7f46a0447870cf3ccdb) Importer(815301076,1909f56bfc062723c751e8b465ee728b) (PreviewImporter) -> (artifact id: '7ce7222f2916a12bb33ce00a7a3b60cc') in 0.0311957 seconds
Number of updated asset objects reloaded before import = 0Number of asset objects unloaded after import = 2

========================================================================
Received Import Request.
  Time since last request: 0.000027 seconds.
  path: Assets/LimA_Bored/textures/Lima_Bored/Lima_Bored/CC_Base_Body/Std_Skin_Head/Std_Skin_Head_CFULCMask.png
  artifactKey: Guid(b7e87310fac9aa843880140cdd1d2170) Importer(815301076,1909f56bfc062723c751e8b465ee728b)
Start importing Assets/LimA_Bored/textures/Lima_Bored/Lima_Bored/CC_Base_Body/Std_Skin_Head/Std_Skin_Head_CFULCMask.png using Guid(b7e87310fac9aa843880140cdd1d2170) Importer(815301076,1909f56bfc062723c751e8b465ee728b) (PreviewImporter) -> (artifact id: '4f63b63bf663203fad38204bab906366') in 0.0497683 seconds
Number of updated asset objects reloaded before import = 0Number of asset objects unloaded after import = 2

========================================================================
Received Import Request.
  Time since last request: 0.000026 seconds.
  path: Assets/LimA_Bored/textures/Lima_Bored/Lima_Bored/CC_Base_Body/Std_Skin_Head/Std_Skin_Head_MNAOMask.png
  artifactKey: Guid(1dd08daf0ab891c48b5fbb57031d0536) Importer(815301076,1909f56bfc062723c751e8b465ee728b)
Start importing Assets/LimA_Bored/textures/Lima_Bored/Lima_Bored/CC_Base_Body/Std_Skin_Head/Std_Skin_Head_MNAOMask.png using Guid(1dd08daf0ab891c48b5fbb57031d0536) Importer(815301076,1909f56bfc062723c751e8b465ee728b) (PreviewImporter) -> (artifact id: '1b3de4f18d034a14f8f363e6ff00abfc') in 0.0299765 seconds
Number of updated asset objects reloaded before import = 0Number of asset objects unloaded after import = 2

========================================================================
Received Import Request.
  Time since last request: 0.000015 seconds.
  path: Assets/LimA_Bored/textures/Lima_Bored/Lima_Bored/CC_Base_Body/Std_Skin_Head/Std_Skin_Head_SSSMap.png
  artifactKey: Guid(cfe3d51deb24f5240afb4d2ca2bf139a) Importer(815301076,1909f56bfc062723c751e8b465ee728b)
Start importing Assets/LimA_Bored/textures/Lima_Bored/Lima_Bored/CC_Base_Body/Std_Skin_Head/Std_Skin_Head_SSSMap.png using Guid(cfe3d51deb24f5240afb4d2ca2bf139a) Importer(815301076,1909f56bfc062723c751e8b465ee728b) (PreviewImporter) -> (artifact id: '3e93f829650cd1b80a6c05121e359b8c') in 0.0170519 seconds
Number of updated asset objects reloaded before import = 0Number of asset objects unloaded after import = 2

========================================================================
Received Import Request.
  Time since last request: 65.717720 seconds.
  path: Assets/test scene.unity
  artifactKey: Guid(8b6f881e0768010449a77fd54097fb68) Importer(815301076,1909f56bfc062723c751e8b465ee728b)
Start importing Assets/test scene.unity using Guid(8b6f881e0768010449a77fd54097fb68) Importer(815301076,1909f56bfc062723c751e8b465ee728b) (PreviewImporter) -> (artifact id: '7bda8e93ac7016e22df4801e5162076b') in 0.0008206 seconds
Number of updated asset objects reloaded before import = 0Number of asset objects unloaded after import = 0

========================================================================
Received Import Request.
  Time since last request: 6.094497 seconds.
  path: Assets/LimA_Bored
  artifactKey: Guid(417ee29cc482a62439deeb86d2b50608) Importer(815301076,1909f56bfc062723c751e8b465ee728b)
Start importing Assets/LimA_Bored using Guid(417ee29cc482a62439deeb86d2b50608) Importer(815301076,1909f56bfc062723c751e8b465ee728b) (PreviewImporter) -> (artifact id: '8b29581067b4e240b57c13b6c1375a6b') in 0.0004844 seconds
Number of updated asset objects reloaded before import = 0Number of asset objects unloaded after import = 0

========================================================================
Received Import Request.
  Time since last request: 310.108376 seconds.
  path: Assets/LimA_Bored/Lima_Bored.fbx
  artifactKey: Guid(3fd52ce29793a654d92bac2aef559fee) Importer(815301076,1909f56bfc062723c751e8b465ee728b)
Start importing Assets/LimA_Bored/Lima_Bored.fbx using Guid(3fd52ce29793a654d92bac2aef559fee) Importer(815301076,1909f56bfc062723c751e8b465ee728b) (PreviewImporter) -> (artifact id: 'c2b9bf8db6f8ba9979312ab933283c0c') in 5.1365785 seconds
Number of updated asset objects reloaded before import = 0Number of asset objects unloaded after import = 399

========================================================================
Received Import Request.
  Time since last request: 1537.966766 seconds.
  path: Assets/LimA_Bored/Animations
  artifactKey: Guid(d9168e8beb5c6bc4da0e98a744fc4f08) Importer(815301076,1909f56bfc062723c751e8b465ee728b)
Start importing Assets/LimA_Bored/Animations using Guid(d9168e8beb5c6bc4da0e98a744fc4f08) Importer(815301076,1909f56bfc062723c751e8b465ee728b) (PreviewImporter) -> (artifact id: 'acf061d07691144b239d9c4f28cb61fd') in 0.0102469 seconds
Number of updated asset objects reloaded before import = 0Number of asset objects unloaded after import = 0

